{"C:\\Users\\junior\\Desktop\\Ipglobal-test\\src\\components\\Search.tsx": {"path":"C:\\Users\\junior\\Desktop\\Ipglobal-test\\src\\components\\Search.tsx","statementMap":{"0":{"start":{"line":4,"column":20},"end":{"line":9,"column":1}},"1":{"start":{"line":11,"column":21},"end":{"line":25,"column":1}},"2":{"start":{"line":32,"column":38},"end":{"line":32,"column":58}},"3":{"start":{"line":34,"column":28},"end":{"line":36,"column":3}},"4":{"start":{"line":35,"column":4},"end":{"line":35,"column":38}},"5":{"start":{"line":38,"column":66},"end":{"line":41,"column":3}},"6":{"start":{"line":39,"column":4},"end":{"line":39,"column":27}},"7":{"start":{"line":40,"column":4},"end":{"line":40,"column":35}},"8":{"start":{"line":43,"column":2},"end":{"line":53,"column":4}}},"fnMap":{"0":{"name":"SearchMovie","decl":{"start":{"line":31,"column":16},"end":{"line":31,"column":27}},"loc":{"start":{"line":31,"column":66},"end":{"line":54,"column":1}},"line":31},"1":{"name":"(anonymous_1)","decl":{"start":{"line":34,"column":28},"end":{"line":34,"column":29}},"loc":{"start":{"line":34,"column":70},"end":{"line":36,"column":3}},"line":34},"2":{"name":"(anonymous_2)","decl":{"start":{"line":38,"column":66},"end":{"line":38,"column":67}},"loc":{"start":{"line":38,"column":77},"end":{"line":41,"column":3}},"line":38}},"branchMap":{},"s":{"0":1,"1":1,"2":2,"3":2,"4":1,"5":2,"6":1,"7":1,"8":2},"f":{"0":2,"1":1,"2":1},"b":{},"_coverageSchema":"1a1c01bbd47fc00a2c39e90264f33305004495a9","hash":"a434d59f2466c7fd7459d067b7229c1d278a43d2"}
}
